<?xml version="1.0" encoding="utf-8"?><testsuites name="pytest tests"><testsuite name="pytest" errors="0" failures="7" skipped="0" tests="11" time="3.087" timestamp="2026-06-08T22:33:44.840137+00:00" hostname="agent-env-0721c7c1-15fd-48d7-a606-06ed37bb07cb"><testcase classname="backend.tests.test_interview.TestInterviewAPI" name="test_root" time="0.329" /><testcase classname="backend.tests.test_interview.TestInterviewAPI" name="test_start_interview_missing_body" time="0.142"><failure message="assert 400 == 422&#10; +  where 400 = &lt;Response [400]&gt;.status_code">backend/tests/test_interview.py:47: in test_start_interview_missing_body
    assert response.status_code == 422
E   assert 400 == 422
E    +  where 400 = &lt;Response [400]&gt;.status_code</failure></testcase><testcase classname="backend.tests.test_interview.TestInterviewAPI" name="test_start_interview_empty_title_returns_error" time="0.186" /><testcase classname="backend.tests.test_interview.TestInterviewAPI" name="test_start_interview_streams_opening_question" time="0.458"><failure message="AssertionError: No tokens received from stream&#10;assert 0 &gt; 0&#10; +  where 0 = len([])">backend/tests/test_interview.py:70: in test_start_interview_streams_opening_question
    assert len(tokens) &gt; 0, "No tokens received from stream"
E   AssertionError: No tokens received from stream
E   assert 0 &gt; 0
E    +  where 0 = len([])</failure></testcase><testcase classname="backend.tests.test_interview.TestInterviewAPI" name="test_start_interview_returns_session_id" time="0.314"><failure message="assert None is not None">backend/tests/test_interview.py:86: in test_start_interview_returns_session_id
    assert done_data is not None
E   assert None is not None</failure></testcase><testcase classname="backend.tests.test_interview.TestInterviewAPI" name="test_chat_invalid_session_returns_error" time="0.147" /><testcase classname="backend.tests.test_interview.TestInterviewAPI" name="test_chat_first_turn_streams_follow_up" time="0.270"><failure message="assert None is not None">backend/tests/test_interview.py:108: in test_chat_first_turn_streams_follow_up
    assert start_done is not None
E   assert None is not None</failure></testcase><testcase classname="backend.tests.test_interview.TestInterviewAPI" name="test_six_turns_triggers_final_evaluation" time="0.293"><failure message="AssertionError: No session_id from start&#10;assert None is not None">backend/tests/test_interview.py:135: in test_six_turns_triggers_final_evaluation
    assert start_done is not None, "No session_id from start"
E   AssertionError: No session_id from start
E   assert None is not None</failure></testcase><testcase classname="backend.tests.test_interview.TestInterviewAPI" name="test_completed_session_rejects_further_messages" time="0.287"><failure message="assert None is not None">backend/tests/test_interview.py:175: in test_completed_session_rejects_further_messages
    assert start_done is not None
E   assert None is not None</failure></testcase><testcase classname="backend.tests.test_interview.TestInterviewAPI" name="test_get_session_returns_correct_data" time="0.260"><failure message="assert None is not None">backend/tests/test_interview.py:203: in test_get_session_returns_correct_data
    assert start_done is not None
E   assert None is not None</failure></testcase><testcase classname="backend.tests.test_interview.TestInterviewAPI" name="test_get_session_not_found" time="0.124" /></testsuite></testsuites>