<?xml version="1.0" encoding="utf-8"?><testsuites name="pytest tests"><testsuite name="pytest" errors="0" failures="0" skipped="0" tests="7" time="3.624" timestamp="2026-06-07T22:42:43.788311+00:00" hostname="agent-env-0721c7c1-15fd-48d7-a606-06ed37bb07cb"><testcase classname="backend.tests.test_interview.TestInterviewAPI" name="test_root" time="0.279" /><testcase classname="backend.tests.test_interview.TestInterviewAPI" name="test_start_interview_missing_body" time="0.157" /><testcase classname="backend.tests.test_interview.TestInterviewAPI" name="test_start_interview_empty_title" time="0.110" /><testcase classname="backend.tests.test_interview.TestInterviewAPI" name="test_start_interview_streams" time="1.432" /><testcase classname="backend.tests.test_interview.TestInterviewAPI" name="test_chat_invalid_session" time="0.132" /><testcase classname="backend.tests.test_interview.TestInterviewAPI" name="test_get_session" time="1.243" /><testcase classname="backend.tests.test_interview.TestInterviewAPI" name="test_get_session_not_found" time="0.099" /></testsuite></testsuites>